{"/Users/c.rivas/Developer/Labs/ReactJS/THStudentsHomework/src/App.jsx": {"path":"/Users/c.rivas/Developer/Labs/ReactJS/THStudentsHomework/src/App.jsx","statementMap":{"0":{"start":{"line":10,"column":34},"end":{"line":10,"column":null}},"1":{"start":{"line":11,"column":30},"end":{"line":11,"column":null}},"2":{"start":{"line":12,"column":38},"end":{"line":12,"column":null}},"3":{"start":{"line":13,"column":36},"end":{"line":13,"column":null}},"4":{"start":{"line":14,"column":48},"end":{"line":14,"column":null}},"5":{"start":{"line":16,"column":21},"end":{"line":45,"column":null}},"6":{"start":{"line":17,"column":4},"end":{"line":44,"column":null}},"7":{"start":{"line":20,"column":21},"end":{"line":20,"column":null}},"8":{"start":{"line":21,"column":24},"end":{"line":21,"column":null}},"9":{"start":{"line":21,"column":46},"end":{"line":21,"column":66}},"10":{"start":{"line":22,"column":21},"end":{"line":22,"column":null}},"11":{"start":{"line":23,"column":25},"end":{"line":23,"column":null}},"12":{"start":{"line":24,"column":8},"end":{"line":29,"column":null}},"13":{"start":{"line":25,"column":10},"end":{"line":28,"column":null}},"14":{"start":{"line":27,"column":42},"end":{"line":27,"column":72}},"15":{"start":{"line":30,"column":8},"end":{"line":37,"column":null}},"16":{"start":{"line":31,"column":10},"end":{"line":36,"column":null}},"17":{"start":{"line":32,"column":12},"end":{"line":35,"column":null}},"18":{"start":{"line":34,"column":44},"end":{"line":34,"column":71}},"19":{"start":{"line":38,"column":8},"end":{"line":38,"column":null}},"20":{"start":{"line":39,"column":8},"end":{"line":39,"column":null}},"21":{"start":{"line":42,"column":8},"end":{"line":42,"column":null}},"22":{"start":{"line":44,"column":21},"end":{"line":44,"column":38}},"23":{"start":{"line":47,"column":23},"end":{"line":49,"column":null}},"24":{"start":{"line":48,"column":4},"end":{"line":48,"column":null}},"25":{"start":{"line":51,"column":24},"end":{"line":56,"column":null}},"26":{"start":{"line":52,"column":4},"end":{"line":52,"column":null}},"27":{"start":{"line":53,"column":4},"end":{"line":53,"column":null}},"28":{"start":{"line":54,"column":4},"end":{"line":54,"column":null}},"29":{"start":{"line":55,"column":4},"end":{"line":55,"column":null}},"30":{"start":{"line":58,"column":2},"end":{"line":105,"column":null}}},"fnMap":{"0":{"name":"App","decl":{"start":{"line":9,"column":9},"end":{"line":9,"column":15}},"loc":{"start":{"line":9,"column":15},"end":{"line":107,"column":null}}},"1":{"name":"(anonymous_1)","decl":{"start":{"line":16,"column":21},"end":{"line":16,"column":27}},"loc":{"start":{"line":16,"column":27},"end":{"line":45,"column":null}}},"2":{"name":"(anonymous_2)","decl":{"start":{"line":19,"column":12},"end":{"line":19,"column":13}},"loc":{"start":{"line":19,"column":26},"end":{"line":40,"column":7}}},"3":{"name":"(anonymous_3)","decl":{"start":{"line":21,"column":36},"end":{"line":21,"column":37}},"loc":{"start":{"line":21,"column":46},"end":{"line":21,"column":66}}},"4":{"name":"(anonymous_4)","decl":{"start":{"line":24,"column":24},"end":{"line":24,"column":25}},"loc":{"start":{"line":24,"column":38},"end":{"line":29,"column":9}}},"5":{"name":"(anonymous_5)","decl":{"start":{"line":27,"column":32},"end":{"line":27,"column":33}},"loc":{"start":{"line":27,"column":42},"end":{"line":27,"column":72}}},"6":{"name":"(anonymous_6)","decl":{"start":{"line":30,"column":21},"end":{"line":30,"column":22}},"loc":{"start":{"line":31,"column":10},"end":{"line":36,"column":null}}},"7":{"name":"(anonymous_7)","decl":{"start":{"line":31,"column":26},"end":{"line":31,"column":27}},"loc":{"start":{"line":31,"column":37},"end":{"line":36,"column":11}}},"8":{"name":"(anonymous_8)","decl":{"start":{"line":34,"column":34},"end":{"line":34,"column":35}},"loc":{"start":{"line":34,"column":44},"end":{"line":34,"column":71}}},"9":{"name":"(anonymous_9)","decl":{"start":{"line":41,"column":13},"end":{"line":41,"column":14}},"loc":{"start":{"line":41,"column":24},"end":{"line":43,"column":7}}},"10":{"name":"(anonymous_10)","decl":{"start":{"line":44,"column":15},"end":{"line":44,"column":21}},"loc":{"start":{"line":44,"column":21},"end":{"line":44,"column":38}}},"11":{"name":"(anonymous_11)","decl":{"start":{"line":47,"column":23},"end":{"line":47,"column":24}},"loc":{"start":{"line":47,"column":30},"end":{"line":49,"column":null}}},"12":{"name":"(anonymous_12)","decl":{"start":{"line":51,"column":24},"end":{"line":51,"column":25}},"loc":{"start":{"line":51,"column":31},"end":{"line":56,"column":null}}}},"branchMap":{"0":{"loc":{"start":{"line":85,"column":7},"end":{"line":85,"column":null}},"type":"binary-expr","locations":[{"start":{"line":85,"column":7},"end":{"line":85,"column":20}},{"start":{"line":85,"column":20},"end":{"line":85,"column":null}}]},"1":{"loc":{"start":{"line":86,"column":7},"end":{"line":89,"column":null}},"type":"binary-expr","locations":[{"start":{"line":86,"column":7},"end":{"line":86,"column":null}},{"start":{"line":87,"column":8},"end":{"line":89,"column":null}}]},"2":{"loc":{"start":{"line":91,"column":7},"end":{"line":98,"column":null}},"type":"binary-expr","locations":[{"start":{"line":91,"column":7},"end":{"line":91,"column":null}},{"start":{"line":92,"column":8},"end":{"line":98,"column":null}}]},"3":{"loc":{"start":{"line":100,"column":7},"end":{"line":103,"column":null}},"type":"binary-expr","locations":[{"start":{"line":100,"column":7},"end":{"line":100,"column":21}},{"start":{"line":100,"column":21},"end":{"line":100,"column":33}},{"start":{"line":100,"column":33},"end":{"line":100,"column":null}},{"start":{"line":101,"column":8},"end":{"line":103,"column":null}}]}},"s":{"0":30,"1":29,"2":29,"3":29,"4":29,"5":29,"6":6,"7":5,"8":5,"9":1395,"10":5,"11":5,"12":5,"13":89,"14":30291,"15":5,"16":89,"17":437,"18":150003,"19":5,"20":5,"21":1,"22":6,"23":29,"24":1,"25":29,"26":6,"27":6,"28":6,"29":6,"30":29},"f":{"0":30,"1":6,"2":5,"3":1395,"4":89,"5":30291,"6":89,"7":437,"8":150003,"9":1,"10":6,"11":1,"12":6},"b":{"0":[29,11],"1":[29,2],"2":[29,11],"3":[29,18,17,4]}}
,"/Users/c.rivas/Developer/Labs/ReactJS/THStudentsHomework/src/components/atoms/item-child.jsx": {"path":"/Users/c.rivas/Developer/Labs/ReactJS/THStudentsHomework/src/components/atoms/item-child.jsx","statementMap":{"0":{"start":{"line":4,"column":2},"end":{"line":4,"column":null}}},"fnMap":{"0":{"name":"ItemChild","decl":{"start":{"line":3,"column":9},"end":{"line":3,"column":19}},"loc":{"start":{"line":3,"column":38},"end":{"line":5,"column":null}}}},"branchMap":{},"s":{"0":1051},"f":{"0":1051},"b":{}}
,"/Users/c.rivas/Developer/Labs/ReactJS/THStudentsHomework/src/components/molecules/list-parent.jsx": {"path":"/Users/c.rivas/Developer/Labs/ReactJS/THStudentsHomework/src/components/molecules/list-parent.jsx","statementMap":{"0":{"start":{"line":7,"column":20},"end":{"line":14,"column":null}},"1":{"start":{"line":8,"column":4},"end":{"line":13,"column":null}},"2":{"start":{"line":9,"column":6},"end":{"line":12,"column":null}},"3":{"start":{"line":16,"column":24},"end":{"line":30,"column":null}},"4":{"start":{"line":17,"column":4},"end":{"line":29,"column":null}},"5":{"start":{"line":19,"column":8},"end":{"line":27,"column":null}},"6":{"start":{"line":23,"column":16},"end":{"line":24,"column":null}},"7":{"start":{"line":32,"column":2},"end":{"line":37,"column":null}},"8":{"start":{"line":33,"column":4},"end":{"line":36,"column":null}}},"fnMap":{"0":{"name":"ListParent","decl":{"start":{"line":6,"column":9},"end":{"line":6,"column":20}},"loc":{"start":{"line":6,"column":52},"end":{"line":38,"column":1}}},"1":{"name":"(anonymous_1)","decl":{"start":{"line":7,"column":20},"end":{"line":7,"column":21}},"loc":{"start":{"line":7,"column":35},"end":{"line":14,"column":null}}},"2":{"name":"(anonymous_2)","decl":{"start":{"line":8,"column":25},"end":{"line":8,"column":26}},"loc":{"start":{"line":9,"column":6},"end":{"line":12,"column":null}}},"3":{"name":"(anonymous_3)","decl":{"start":{"line":16,"column":24},"end":{"line":16,"column":25}},"loc":{"start":{"line":16,"column":32},"end":{"line":30,"column":null}}},"4":{"name":"(anonymous_4)","decl":{"start":{"line":18,"column":6},"end":{"line":18,"column":7}},"loc":{"start":{"line":19,"column":8},"end":{"line":27,"column":null}}},"5":{"name":"(anonymous_5)","decl":{"start":{"line":22,"column":14},"end":{"line":22,"column":15}},"loc":{"start":{"line":23,"column":16},"end":{"line":24,"column":null}}},"6":{"name":"(anonymous_6)","decl":{"start":{"line":32,"column":29},"end":{"line":32,"column":30}},"loc":{"start":{"line":33,"column":4},"end":{"line":36,"column":null}}}},"branchMap":{"0":{"loc":{"start":{"line":19,"column":8},"end":{"line":27,"column":null}},"type":"binary-expr","locations":[{"start":{"line":19,"column":8},"end":{"line":19,"column":null}},{"start":{"line":20,"column":10},"end":{"line":27,"column":null}}]},"1":{"loc":{"start":{"line":23,"column":16},"end":{"line":24,"column":null}},"type":"binary-expr","locations":[{"start":{"line":23,"column":16},"end":{"line":23,"column":null}},{"start":{"line":24,"column":18},"end":{"line":24,"column":null}}]},"2":{"loc":{"start":{"line":35,"column":7},"end":{"line":35,"column":null}},"type":"binary-expr","locations":[{"start":{"line":35,"column":7},"end":{"line":35,"column":34}},{"start":{"line":35,"column":34},"end":{"line":35,"column":null}}]}},"s":{"0":4,"1":67,"2":328,"3":4,"4":328,"5":35644,"6":69668,"7":4,"8":67},"f":{"0":4,"1":67,"2":328,"3":328,"4":35644,"5":69668,"6":67},"b":{"0":[35644,6868],"1":[69668,656],"2":[67,67]}}
,"/Users/c.rivas/Developer/Labs/ReactJS/THStudentsHomework/src/mocks/handlers.js": {"path":"/Users/c.rivas/Developer/Labs/ReactJS/THStudentsHomework/src/mocks/handlers.js","statementMap":{"0":{"start":{"line":6,"column":24},"end":{"line":10,"column":1}},"1":{"start":{"line":8,"column":4},"end":{"line":8,"column":56}}},"fnMap":{"0":{"name":"(anonymous_0)","decl":{"start":{"line":7,"column":38},"end":{"line":7,"column":39}},"loc":{"start":{"line":7,"column":44},"end":{"line":9,"column":3}}}},"branchMap":{},"s":{"0":1,"1":4},"f":{"0":4},"b":{}}
,"/Users/c.rivas/Developer/Labs/ReactJS/THStudentsHomework/src/mocks/mockData.js": {"path":"/Users/c.rivas/Developer/Labs/ReactJS/THStudentsHomework/src/mocks/mockData.js","statementMap":{"0":{"start":{"line":1,"column":24},"end":{"line":1722,"column":1}}},"fnMap":{},"branchMap":{},"s":{"0":1},"f":{},"b":{}}
,"/Users/c.rivas/Developer/Labs/ReactJS/THStudentsHomework/src/mocks/server.js": {"path":"/Users/c.rivas/Developer/Labs/ReactJS/THStudentsHomework/src/mocks/server.js","statementMap":{"0":{"start":{"line":4,"column":22},"end":{"line":4,"column":46}}},"fnMap":{},"branchMap":{},"s":{"0":1},"f":{},"b":{}}
,"/Users/c.rivas/Developer/Labs/ReactJS/THStudentsHomework/src/services/courses-service.js": {"path":"/Users/c.rivas/Developer/Labs/ReactJS/THStudentsHomework/src/services/courses-service.js","statementMap":{"0":{"start":{"line":4,"column":22},"end":{"line":6,"column":2}}},"fnMap":{},"branchMap":{},"s":{"0":1},"f":{},"b":{}}
,"/Users/c.rivas/Developer/Labs/ReactJS/THStudentsHomework/src/utils/constants.js": {"path":"/Users/c.rivas/Developer/Labs/ReactJS/THStudentsHomework/src/utils/constants.js","statementMap":{"0":{"start":{"line":1,"column":25},"end":{"line":3,"column":null}}},"fnMap":{},"branchMap":{},"s":{"0":1},"f":{},"b":{}}
}
